Base path: F:/Program Files (x86)/Unity/Editor/Data
Pipe name: \\.\pipe\UnityShaderCompiler-5-7156
Cmd: getPlatforms
Cmd: compileSnippet
  api=1 type=0 insize=5287 outsize=668 kw=DIRECTIONAL SHADOWS_OFF LIGHTMAP_OFF DIRLIGHTMAP_OFF ok=1
Cmd: compileSnippet
  api=4 type=0 insize=5287 outsize=2728 kw=DIRECTIONAL SHADOWS_SCREEN LIGHTMAP_ON DIRLIGHTMAP_OFF ok=1
Cmd: compileSnippet
  api=8 type=0 insize=5287 outsize=6817 kw=DIRECTIONAL SHADOWS_OFF LIGHTMAP_OFF DIRLIGHTMAP_OFF VERTEXLIGHT_ON ok=1
Cmd: compileSnippet
  api=4 type=1 insize=5287 outsize=2127 kw=DIRECTIONAL SHADOWS_OFF LIGHTMAP_ON DIRLIGHTMAP_OFF ok=1
Cmd: compileSnippet
  api=1 type=1 insize=5287 outsize=718 kw=DIRECTIONAL SHADOWS_SCREEN LIGHTMAP_ON DIRLIGHTMAP_OFF ok=1
Cmd: compileSnippet
  api=1 type=0 insize=3244 outsize=424 kw=SPOT ok=1
Cmd: compileSnippet
  api=0 type=0 insize=3244 outsize=857 kw=POINT_COOKIE ok=1
Cmd: compileSnippet
  api=0 type=1 insize=3244 outsize=823 kw=POINT ok=1
Cmd: compileSnippet
  api=4 type=1 insize=3244 outsize=2509 kw=POINT_COOKIE ok=1
Cmd: compileSnippet
  api=8 type=1 insize=3244 outsize=3145 kw=DIRECTIONAL_COOKIE ok=1
Unhandled exception: Readfile from pipe failed. GLE=The pipe has been ended.


Quitting shader compiler process
